<?xml version="1.0" encoding="UTF-8"?>
<robot generator="Robot 4.1.3 (Python 3.10.1 on win32)" generated="20220119 15:00:19.576" rpa="false" schemaversion="2">
<suite id="s1" name="Login" source="C:\RobotFramework\parodify\login.robot">
<test id="s1-t1" name="Login com sucesso">
<kw name="Open Browser" library="Browser">
<arg>https://parodify.herokuapp.com/users/sign_in</arg>
<tag>BrowserControl</tag>
<tag>Setter</tag>
<doc>Opens a new browser instance. Use this keyword for quick experiments or debugging sessions.
Use `New Page` directly instead of `Open Browser` for production and automated execution.
See `Browser, Context and Page` for more information about Browser and related concepts.</doc>
<msg timestamp="20220119 15:00:21.107" level="WARN">Open Browser is for quick experimentation and debugging only. Use New Page for production.</msg>
<msg timestamp="20220119 15:00:21.110" level="INFO">{"browser": "chromium", "headless": false, "handleSIGINT": true, "handleSIGTERM": true, "handleSIGHUP": true, "timeout": 30000.0, "devtools": false, "slowMo": 0.0, "tracesDir": "C:\\RobotFramework\\parodify\\logs\\browser\\traces\\c58a770d-19d6-4279-84ca-649990e2f0a6"}</msg>
<msg timestamp="20220119 15:00:23.520" level="INFO">Successfully created browser with options: {"browser":"chromium","headless":false,"handleSIGINT":true,"handleSIGTERM":true,"handleSIGHUP":true,"timeout":30000,"devtools":false,"slowMo":0,"tracesDir":"C:\\RobotFramework\\parodify\\logs\\browser\\traces\\c58a770d-19d6-4279-84ca-649990e2f0a6"}</msg>
<msg timestamp="20220119 15:00:23.521" level="INFO">{"acceptDownloads": false, "ignoreHTTPSErrors": false, "bypassCSP": true, "deviceScaleFactor": 1.0, "isMobile": false, "hasTouch": false, "javaScriptEnabled": true, "offline": false, "hideRfBrowser": false}</msg>
<msg timestamp="20220119 15:00:23.611" level="INFO">Successfully created context. </msg>
<msg timestamp="20220119 15:00:23.611" level="INFO">{'acceptDownloads': False, 'ignoreHTTPSErrors': False, 'bypassCSP': True, 'deviceScaleFactor': 1, 'isMobile': False, 'hasTouch': False, 'javaScriptEnabled': True, 'offline': False, 'hideRfBrowser': False}</msg>
<msg timestamp="20220119 15:00:27.330" level="INFO">Successfully initialized new page object and opened url: https://parodify.herokuapp.com/users/sign_in</msg>
<status status="PASS" starttime="20220119 15:00:21.107" endtime="20220119 15:00:27.331"/>
</kw>
<kw name="Get Text" library="Browser">
<arg>label[for=user_email]</arg>
<arg>contains</arg>
<arg>Email</arg>
<tag>Assertion</tag>
<tag>Getter</tag>
<tag>PageContent</tag>
<doc>Returns text attribute of the element found by ``selector``.</doc>
<status status="PASS" starttime="20220119 15:00:27.332" endtime="20220119 15:00:27.448"/>
</kw>
<kw name="Fill Text" library="Browser">
<arg>css=#user_email</arg>
<arg>paulosantos@parodify.com</arg>
<tag>PageContent</tag>
<tag>Setter</tag>
<doc>Clears and fills the given ``txt`` into the text field found by ``selector``.</doc>
<msg timestamp="20220119 15:00:27.449" level="INFO">Fills the text 'paulosantos@parodify.com' in the given field.</msg>
<status status="PASS" starttime="20220119 15:00:27.449" endtime="20220119 15:00:27.536"/>
</kw>
<kw name="Fill Text" library="Browser">
<arg>css=#user_password</arg>
<arg>senha123</arg>
<tag>PageContent</tag>
<tag>Setter</tag>
<doc>Clears and fills the given ``txt`` into the text field found by ``selector``.</doc>
<msg timestamp="20220119 15:00:27.542" level="INFO">Fills the text 'senha123' in the given field.</msg>
<status status="PASS" starttime="20220119 15:00:27.539" endtime="20220119 15:00:27.591"/>
</kw>
<kw name="Click" library="Browser">
<arg>css=input[type=submit]</arg>
<tag>PageContent</tag>
<tag>Setter</tag>
<doc>Simulates mouse click on the element found by ``selector``.</doc>
<status status="PASS" starttime="20220119 15:00:27.598" endtime="20220119 15:00:28.393"/>
</kw>
<kw name="Sleep" library="BuiltIn">
<arg>5</arg>
<doc>Pauses the test executed for the given time.</doc>
<msg timestamp="20220119 15:00:33.397" level="INFO">Slept 5 seconds</msg>
<status status="PASS" starttime="20220119 15:00:28.394" endtime="20220119 15:00:33.397"/>
</kw>
<status status="PASS" starttime="20220119 15:00:21.102" endtime="20220119 15:00:33.398"/>
</test>
<doc>Testes da pagina de login</doc>
<status status="PASS" starttime="20220119 15:00:19.579" endtime="20220119 15:00:33.899"/>
</suite>
<statistics>
<total>
<stat pass="1" fail="0" skip="0">All Tests</stat>
</total>
<tag>
</tag>
<suite>
<stat pass="1" fail="0" skip="0" id="s1" name="Login">Login</stat>
</suite>
</statistics>
<errors>
<msg timestamp="20220119 15:00:21.107" level="WARN">Open Browser is for quick experimentation and debugging only. Use New Page for production.</msg>
</errors>
</robot>
