<?xml version="1.0" encoding="UTF-8"?>
<robot generator="Robot 4.1.3 (Python 3.10.6 on win32)" generated="20221011 23:13:56.790" rpa="false" schemaversion="2">
<suite id="s1" name="LinkedinTest" source="C:\Repositorios_GitHub\ROBOT_Framework\LinkedinTest\LinkedinTest.robot">
<test id="s1-t1" name="Caso de teste 01: Efetuar Login no site Linkedin">
<kw name="Acessar a página do Linkedin" library="LinkedinResource" type="SETUP">
<kw name="Open Browser" library="SeleniumLibrary">
<arg>url=${URL}</arg>
<arg>browser=${BROWSER}</arg>
<doc>Opens a new browser instance to the optional ``url``.</doc>
<msg timestamp="20221011 23:13:57.017" level="INFO">Opening browser 'chrome' to base url 'https://www.linkedin.com/'.</msg>
<status status="PASS" starttime="20221011 23:13:57.017" endtime="20221011 23:14:02.196"/>
</kw>
<kw name="Page Should Contain" library="SeleniumLibrary">
<arg>Conheça a sua nova comunidade profissional</arg>
<doc>Verifies that current page contains ``text``.</doc>
<msg timestamp="20221011 23:14:02.245" level="INFO">Current page contains text 'Conheça a sua nova comunidade profissional'.</msg>
<status status="PASS" starttime="20221011 23:14:02.196" endtime="20221011 23:14:02.245"/>
</kw>
<status status="PASS" starttime="20221011 23:13:57.016" endtime="20221011 23:14:02.245"/>
</kw>
<kw name="Efetuar login" library="LinkedinResource">
<kw name="Input Text" library="SeleniumLibrary">
<arg>${INPUT_USUARIO}</arg>
<arg>INSERIR EMAIL AQUI</arg>
<doc>Types the given ``text`` into the text field identified by ``locator``.</doc>
<msg timestamp="20221011 23:14:02.247" level="INFO">Typing text 'INSERIR EMAIL AQUI' into text field 'id=session_key'.</msg>
<status status="PASS" starttime="20221011 23:14:02.246" endtime="20221011 23:14:02.332"/>
</kw>
<kw name="Input Password" library="SeleniumLibrary">
<arg>${INPUT_SENHA} DIGITE A SENHA AQUI</arg>
<doc>Types the given password into the text field identified by ``locator``.</doc>
<msg timestamp="20221011 23:14:02.333" level="FAIL">Keyword 'SeleniumLibrary.Input Password' expected 2 to 3 arguments, got 1.</msg>
<status status="FAIL" starttime="20221011 23:14:02.333" endtime="20221011 23:14:02.333"/>
</kw>
<kw name="Click Button" library="SeleniumLibrary">
<arg>${BTN_ENTRAR}</arg>
<doc>Clicks the button identified by ``locator``.</doc>
<status status="NOT RUN" starttime="20221011 23:14:02.333" endtime="20221011 23:14:02.333"/>
</kw>
<status status="FAIL" starttime="20221011 23:14:02.246" endtime="20221011 23:14:02.333"/>
</kw>
<kw name="Conferir se texto &quot;Paulo Santos&quot; é exibido" library="LinkedinResource">
<status status="NOT RUN" starttime="20221011 23:14:02.334" endtime="20221011 23:14:02.334"/>
</kw>
<kw name="Fechar Navegador" library="LinkedinResource" type="TEARDOWN">
<kw name="Close Browser" library="SeleniumLibrary">
<doc>Closes the current browser.</doc>
<status status="PASS" starttime="20221011 23:14:02.335" endtime="20221011 23:14:04.489"/>
</kw>
<status status="PASS" starttime="20221011 23:14:02.335" endtime="20221011 23:14:04.490"/>
</kw>
<status status="FAIL" starttime="20221011 23:13:57.016" endtime="20221011 23:14:04.491">Keyword 'SeleniumLibrary.Input Password' expected 2 to 3 arguments, got 1.</status>
</test>
<test id="s1-t2" name="Caso de teste 02: Realizar publicação">
<kw name="Acessar a página do Linkedin" library="LinkedinResource" type="SETUP">
<kw name="Open Browser" library="SeleniumLibrary">
<arg>url=${URL}</arg>
<arg>browser=${BROWSER}</arg>
<doc>Opens a new browser instance to the optional ``url``.</doc>
<msg timestamp="20221011 23:14:04.496" level="INFO">Opening browser 'chrome' to base url 'https://www.linkedin.com/'.</msg>
<status status="PASS" starttime="20221011 23:14:04.495" endtime="20221011 23:14:07.309"/>
</kw>
<kw name="Page Should Contain" library="SeleniumLibrary">
<arg>Conheça a sua nova comunidade profissional</arg>
<doc>Verifies that current page contains ``text``.</doc>
<msg timestamp="20221011 23:14:07.360" level="INFO">Current page contains text 'Conheça a sua nova comunidade profissional'.</msg>
<status status="PASS" starttime="20221011 23:14:07.309" endtime="20221011 23:14:07.360"/>
</kw>
<status status="PASS" starttime="20221011 23:14:04.495" endtime="20221011 23:14:07.360"/>
</kw>
<kw name="Efetuar login" library="LinkedinResource">
<kw name="Input Text" library="SeleniumLibrary">
<arg>${INPUT_USUARIO}</arg>
<arg>INSERIR EMAIL AQUI</arg>
<doc>Types the given ``text`` into the text field identified by ``locator``.</doc>
<msg timestamp="20221011 23:14:07.361" level="INFO">Typing text 'INSERIR EMAIL AQUI' into text field 'id=session_key'.</msg>
<status status="PASS" starttime="20221011 23:14:07.360" endtime="20221011 23:14:07.452"/>
</kw>
<kw name="Input Password" library="SeleniumLibrary">
<arg>${INPUT_SENHA} DIGITE A SENHA AQUI</arg>
<doc>Types the given password into the text field identified by ``locator``.</doc>
<msg timestamp="20221011 23:14:07.453" level="FAIL">Keyword 'SeleniumLibrary.Input Password' expected 2 to 3 arguments, got 1.</msg>
<status status="FAIL" starttime="20221011 23:14:07.452" endtime="20221011 23:14:07.453"/>
</kw>
<kw name="Click Button" library="SeleniumLibrary">
<arg>${BTN_ENTRAR}</arg>
<doc>Clicks the button identified by ``locator``.</doc>
<status status="NOT RUN" starttime="20221011 23:14:07.453" endtime="20221011 23:14:07.453"/>
</kw>
<status status="FAIL" starttime="20221011 23:14:07.360" endtime="20221011 23:14:07.453"/>
</kw>
<kw name="Iniciar publicação" library="LinkedinResource">
<status status="NOT RUN" starttime="20221011 23:14:07.454" endtime="20221011 23:14:07.454"/>
</kw>
<kw name="Realizar uma publicação marcando algum contato" library="LinkedinResource">
<status status="NOT RUN" starttime="20221011 23:14:07.454" endtime="20221011 23:14:07.454"/>
</kw>
<kw name="Publicar" library="LinkedinResource">
<status status="NOT RUN" starttime="20221011 23:14:07.454" endtime="20221011 23:14:07.454"/>
</kw>
<kw name="Fechar Navegador" library="LinkedinResource" type="TEARDOWN">
<kw name="Close Browser" library="SeleniumLibrary">
<doc>Closes the current browser.</doc>
<status status="PASS" starttime="20221011 23:14:07.455" endtime="20221011 23:14:09.614"/>
</kw>
<status status="PASS" starttime="20221011 23:14:07.455" endtime="20221011 23:14:09.614"/>
</kw>
<status status="FAIL" starttime="20221011 23:14:04.494" endtime="20221011 23:14:09.615">Keyword 'SeleniumLibrary.Input Password' expected 2 to 3 arguments, got 1.</status>
</test>
<status status="FAIL" starttime="20221011 23:13:56.791" endtime="20221011 23:14:09.619"/>
</suite>
<statistics>
<total>
<stat pass="0" fail="2" skip="0">All Tests</stat>
</total>
<tag>
</tag>
<suite>
<stat pass="0" fail="2" skip="0" id="s1" name="LinkedinTest">LinkedinTest</stat>
</suite>
</statistics>
<errors>
</errors>
</robot>
