<?xml version="1.0" encoding="UTF-8"?>
<robot generator="Robot 4.1.3 (Python 3.10.1 on win32)" generated="20220106 14:27:41.232" rpa="false" schemaversion="2">
<suite id="s1" name="MeuTeste" source="C:\RobotFramework\QArentenaRobot\MeuTeste.robot">
<test id="s1-t1" name="Caso numero 01">
<kw name="Minha primeira keyword" library="MeuResource">
<kw name="Log To Console" library="BuiltIn">
<arg>Hello World!!</arg>
<arg>stream=STDOUT</arg>
<arg>no_newline=False</arg>
<doc>Logs the given message to the console.</doc>
<status status="PASS" starttime="20220106 14:27:41.307" endtime="20220106 14:27:41.307"/>
</kw>
<status status="PASS" starttime="20220106 14:27:41.306" endtime="20220106 14:27:41.307"/>
</kw>
<status status="PASS" starttime="20220106 14:27:41.305" endtime="20220106 14:27:41.308"/>
</test>
<test id="s1-t2" name="Caso numero 02">
<kw name="Minha segunda keyword" library="MeuResource">
<kw name="Log To Console" library="BuiltIn">
<arg>Me livrei da maldição</arg>
<arg>stream=STDOUT</arg>
<arg>no_newline=False</arg>
<doc>Logs the given message to the console.</doc>
<status status="PASS" starttime="20220106 14:27:41.313" endtime="20220106 14:27:41.317"/>
</kw>
<status status="PASS" starttime="20220106 14:27:41.312" endtime="20220106 14:27:41.318"/>
</kw>
<status status="PASS" starttime="20220106 14:27:41.309" endtime="20220106 14:27:41.319"/>
</test>
<status status="PASS" starttime="20220106 14:27:41.237" endtime="20220106 14:27:41.323"/>
</suite>
<statistics>
<total>
<stat pass="2" fail="0" skip="0">All Tests</stat>
</total>
<tag>
</tag>
<suite>
<stat pass="2" fail="0" skip="0" id="s1" name="MeuTeste">MeuTeste</stat>
</suite>
</statistics>
<errors>
</errors>
</robot>
