<?xml version="1.0" encoding="UTF-8"?>
<robot generator="Robot 4.1.3 (Python 3.10.1 on win32)" generated="20220117 08:29:10.503" rpa="false" schemaversion="2">
<suite id="s1" name="LinkedinTest" source="C:\RobotFramework\LinkedinTest\LinkedinTest.robot">
<test id="s1-t1" name="Caso de teste 01: Efetuar Login no site Linkedin">
<kw name="Acessar a página do Linkedin" library="LinkedinResource" type="SETUP">
<kw name="Open Browser" library="SeleniumLibrary">
<arg>url=${URL}</arg>
<arg>browser=${BROWSER}</arg>
<doc>Opens a new browser instance to the optional ``url``.</doc>
<msg timestamp="20220117 08:29:11.126" level="INFO">Opening browser 'chrome' to base url 'https://www.linkedin.com/'.</msg>
<status status="PASS" starttime="20220117 08:29:11.125" endtime="20220117 08:29:16.325"/>
</kw>
<kw name="Page Should Contain" library="SeleniumLibrary">
<arg>Conheça a sua nova comunidade profissional</arg>
<doc>Verifies that current page contains ``text``.</doc>
<msg timestamp="20220117 08:29:16.615" level="INFO">Current page contains text 'Conheça a sua nova comunidade profissional'.</msg>
<status status="PASS" starttime="20220117 08:29:16.325" endtime="20220117 08:29:16.615"/>
</kw>
<status status="PASS" starttime="20220117 08:29:11.125" endtime="20220117 08:29:16.616"/>
</kw>
<kw name="Efetuar login" library="LinkedinResource">
<kw name="Input Text" library="SeleniumLibrary">
<arg>${INPUT_USUARIO}</arg>
<arg>paulomartins_santos@hotmail.com</arg>
<doc>Types the given ``text`` into the text field identified by ``locator``.</doc>
<msg timestamp="20220117 08:29:16.619" level="INFO">Typing text 'paulomartins_santos@hotmail.com' into text field 'id=session_key'.</msg>
<status status="PASS" starttime="20220117 08:29:16.618" endtime="20220117 08:29:18.281"/>
</kw>
<kw name="Input Password" library="SeleniumLibrary">
<arg>${INPUT_SENHA}</arg>
<arg>$noca.09</arg>
<doc>Types the given password into the text field identified by ``locator``.</doc>
<msg timestamp="20220117 08:29:18.282" level="INFO">Typing password into text field 'id=session_password'.</msg>
<msg timestamp="20220117 08:29:18.512" level="INFO">Temporally setting log level to: NONE</msg>
<msg timestamp="20220117 08:29:18.692" level="INFO">Log level changed from NONE to INFO.</msg>
<status status="PASS" starttime="20220117 08:29:18.281" endtime="20220117 08:29:18.692"/>
</kw>
<kw name="Click Button" library="SeleniumLibrary">
<arg>${BTN_ENTRAR}</arg>
<doc>Clicks the button identified by ``locator``.</doc>
<msg timestamp="20220117 08:29:18.694" level="INFO">Clicking button 'css=button[type='submit']'.</msg>
<status status="PASS" starttime="20220117 08:29:18.693" endtime="20220117 08:29:25.409"/>
</kw>
<status status="PASS" starttime="20220117 08:29:16.617" endtime="20220117 08:29:25.409"/>
</kw>
<kw name="Conferir se texto &quot;Paulo Santos&quot; é exibido" library="LinkedinResource">
<kw name="Page Should Contain Element" library="SeleniumLibrary">
<arg>${TEXTO_DESEJADO}</arg>
<doc>Verifies that element ``locator`` is found on the current page.</doc>
<msg timestamp="20220117 08:29:25.632" level="INFO">Current page contains element 'xpath=//div[text()="Paulo Santos"]'.</msg>
<status status="PASS" starttime="20220117 08:29:25.413" endtime="20220117 08:29:25.633"/>
</kw>
<status status="PASS" starttime="20220117 08:29:25.411" endtime="20220117 08:29:25.633"/>
</kw>
<kw name="Fechar Navegador" library="LinkedinResource" type="TEARDOWN">
<kw name="Close Browser" library="SeleniumLibrary">
<doc>Closes the current browser.</doc>
<status status="PASS" starttime="20220117 08:29:25.638" endtime="20220117 08:29:28.909"/>
</kw>
<status status="PASS" starttime="20220117 08:29:25.636" endtime="20220117 08:29:28.910"/>
</kw>
<status status="PASS" starttime="20220117 08:29:11.124" endtime="20220117 08:29:28.912"/>
</test>
<test id="s1-t2" name="Caso de teste 02: Realizar publicação">
<kw name="Acessar a página do Linkedin" library="LinkedinResource" type="SETUP">
<kw name="Open Browser" library="SeleniumLibrary">
<arg>url=${URL}</arg>
<arg>browser=${BROWSER}</arg>
<doc>Opens a new browser instance to the optional ``url``.</doc>
<msg timestamp="20220117 08:29:28.923" level="INFO">Opening browser 'chrome' to base url 'https://www.linkedin.com/'.</msg>
<status status="PASS" starttime="20220117 08:29:28.922" endtime="20220117 08:29:33.590"/>
</kw>
<kw name="Page Should Contain" library="SeleniumLibrary">
<arg>Conheça a sua nova comunidade profissional</arg>
<doc>Verifies that current page contains ``text``.</doc>
<msg timestamp="20220117 08:29:33.749" level="INFO">Current page contains text 'Conheça a sua nova comunidade profissional'.</msg>
<status status="PASS" starttime="20220117 08:29:33.590" endtime="20220117 08:29:33.750"/>
</kw>
<status status="PASS" starttime="20220117 08:29:28.920" endtime="20220117 08:29:33.750"/>
</kw>
<kw name="Efetuar login" library="LinkedinResource">
<kw name="Input Text" library="SeleniumLibrary">
<arg>${INPUT_USUARIO}</arg>
<arg>paulomartins_santos@hotmail.com</arg>
<doc>Types the given ``text`` into the text field identified by ``locator``.</doc>
<msg timestamp="20220117 08:29:33.754" level="INFO">Typing text 'paulomartins_santos@hotmail.com' into text field 'id=session_key'.</msg>
<status status="PASS" starttime="20220117 08:29:33.753" endtime="20220117 08:29:35.331"/>
</kw>
<kw name="Input Password" library="SeleniumLibrary">
<arg>${INPUT_SENHA}</arg>
<arg>$noca.09</arg>
<doc>Types the given password into the text field identified by ``locator``.</doc>
<msg timestamp="20220117 08:29:35.338" level="INFO">Typing password into text field 'id=session_password'.</msg>
<msg timestamp="20220117 08:29:35.630" level="INFO">Temporally setting log level to: NONE</msg>
<msg timestamp="20220117 08:29:35.778" level="INFO">Log level changed from NONE to INFO.</msg>
<status status="PASS" starttime="20220117 08:29:35.331" endtime="20220117 08:29:35.779"/>
</kw>
<kw name="Click Button" library="SeleniumLibrary">
<arg>${BTN_ENTRAR}</arg>
<doc>Clicks the button identified by ``locator``.</doc>
<msg timestamp="20220117 08:29:35.780" level="INFO">Clicking button 'css=button[type='submit']'.</msg>
<status status="PASS" starttime="20220117 08:29:35.779" endtime="20220117 08:29:42.543"/>
</kw>
<status status="PASS" starttime="20220117 08:29:33.752" endtime="20220117 08:29:42.543"/>
</kw>
<kw name="Iniciar publicação" library="LinkedinResource">
<kw name="Click Button" library="SeleniumLibrary">
<arg>${BTN_COMECAR_PUBLICACAO}</arg>
<doc>Clicks the button identified by ``locator``.</doc>
<msg timestamp="20220117 08:29:42.546" level="INFO">Clicking button 'xpath=//span[text()="Começar publicação" ]/ancestor-or-self::button'.</msg>
<status status="PASS" starttime="20220117 08:29:42.545" endtime="20220117 08:29:43.669"/>
</kw>
<kw name="Wait Until Element Is Visible" library="SeleniumLibrary">
<arg>${INPUT_CRIAR_PUBLICACAO}</arg>
<doc>Waits until the element ``locator`` is visible.</doc>
<status status="PASS" starttime="20220117 08:29:43.670" endtime="20220117 08:29:44.769"/>
</kw>
<status status="PASS" starttime="20220117 08:29:42.545" endtime="20220117 08:29:44.769"/>
</kw>
<kw name="Realizar uma publicação marcando algum contato" library="LinkedinResource">
<kw name="Input Text" library="SeleniumLibrary">
<arg>${INPUT_CRIAR_PUBLICACAO}</arg>
<arg>Primeiro teste automatizado com Robot Framework @Michelly Alves Lopes dos Santos</arg>
<doc>Types the given ``text`` into the text field identified by ``locator``.</doc>
<msg timestamp="20220117 08:29:44.774" level="INFO">Typing text 'Primeiro teste automatizado com Robot Framework @Michelly Alves Lopes dos Santos' into text field 'xpath=//div[@aria-placeholder="No que você está pensando?"]/p'.</msg>
<status status="PASS" starttime="20220117 08:29:44.774" endtime="20220117 08:29:46.826"/>
</kw>
<kw name="Wait Until Element Is Visible" library="SeleniumLibrary">
<arg>${BTN_MARCAR_CONTATO}</arg>
<doc>Waits until the element ``locator`` is visible.</doc>
<msg timestamp="20220117 08:29:48.257" level="INFO">Suppressing StaleElementReferenceException from Selenium.</msg>
<status status="PASS" starttime="20220117 08:29:46.826" endtime="20220117 08:29:48.526"/>
</kw>
<kw name="Click Element" library="SeleniumLibrary">
<arg>${BTN_MARCAR_CONTATO}</arg>
<doc>Click the element identified by ``locator``.</doc>
<msg timestamp="20220117 08:29:48.527" level="INFO">Clicking element 'xpath=//span[normalize-space()='Michelly Alves Lopes dos Santos']'.</msg>
<status status="PASS" starttime="20220117 08:29:48.526" endtime="20220117 08:29:48.650"/>
</kw>
<status status="PASS" starttime="20220117 08:29:44.773" endtime="20220117 08:29:48.651"/>
</kw>
<kw name="Publicar" library="LinkedinResource">
<kw name="Wait Until Element Is Enabled" library="SeleniumLibrary">
<arg>${BTN_PUBLICAR}</arg>
<doc>Waits until the element ``locator`` is enabled.</doc>
<status status="PASS" starttime="20220117 08:29:48.654" endtime="20220117 08:29:48.808"/>
</kw>
<status status="PASS" starttime="20220117 08:29:48.652" endtime="20220117 08:29:48.809"/>
</kw>
<kw name="Fechar Navegador" library="LinkedinResource" type="TEARDOWN">
<kw name="Close Browser" library="SeleniumLibrary">
<doc>Closes the current browser.</doc>
<status status="PASS" starttime="20220117 08:29:48.815" endtime="20220117 08:29:52.647"/>
</kw>
<status status="PASS" starttime="20220117 08:29:48.812" endtime="20220117 08:29:52.648"/>
</kw>
<status status="PASS" starttime="20220117 08:29:28.919" endtime="20220117 08:29:52.651"/>
</test>
<status status="PASS" starttime="20220117 08:29:10.506" endtime="20220117 08:29:52.653"/>
</suite>
<statistics>
<total>
<stat pass="2" fail="0" skip="0">All Tests</stat>
</total>
<tag>
</tag>
<suite>
<stat pass="2" fail="0" skip="0" id="s1" name="LinkedinTest">LinkedinTest</stat>
</suite>
</statistics>
<errors>
</errors>
</robot>
